Start testing: May 22 17:17 W. Europe Daylight Time
----------------------------------------------------------
1/1 Testing: ExampleTests
1/1 Test: ExampleTests
Command: "C:/git/webrays/build/test/Debug/ExampleTests.exe"
Directory: C:/git/webrays/build/test
"ExampleTests" start time: May 22 17:17 W. Europe Daylight Time
Output:
----------------------------------------------------------
Running main() from C:\git\webrays\googletest\googletest\src\gtest_main.cc
[==========] Running 1 test from 1 test suite.
[----------] Global test environment set-up.
[----------] 1 test from ExampleTests
[ RUN      ] ExampleTests.DemonstrateGTestMacros
C:\git\webrays\test\ExampleTests.cpp(4): error: Value of: true
  Actual: true
Expected: false
[  FAILED  ] ExampleTests.DemonstrateGTestMacros (0 ms)
[----------] 1 test from ExampleTests (0 ms total)

[----------] Global test environment tear-down
[==========] 1 test from 1 test suite ran. (0 ms total)
[  PASSED  ] 0 tests.
[  FAILED  ] 1 test, listed below:
[  FAILED  ] ExampleTests.DemonstrateGTestMacros

 1 FAILED TEST
<end of output>
Test time =   0.02 sec
----------------------------------------------------------
Test Failed.
"ExampleTests" end time: May 22 17:17 W. Europe Daylight Time
"ExampleTests" time elapsed: 00:00:00
----------------------------------------------------------

End testing: May 22 17:17 W. Europe Daylight Time
