<?xml version="1.0" encoding="UTF-8"?>
<Site BuildName="(empty)"
	BuildStamp="20220522-1511-Experimental"
	Name="(empty)"
	Generator="ctest-3.23.1"
	CompilerName=""
	CompilerVersion=""
	OSName="Windows"
	Hostname="DESKTOP-FCBU4AE"
	OSRelease=" Personal"
	OSVersion=" (Build 19044)"
	OSPlatform="AMD64"
	Is64Bits="1"
	VendorString="GenuineIntel"
	VendorID="Intel Corporation"
	FamilyID="6"
	ModelID="12"
	ProcessorCacheSize="-1"
	NumberOfLogicalCPU="8"
	NumberOfPhysicalCPU="4"
	TotalVirtualMemory="18615"
	TotalPhysicalMemory="16183"
	LogicalProcessorsPerPhysical="2"
	ProcessorClockFrequency="2803"
	>
	<Testing>
		<StartDateTime>May 22 17:17 W. Europe Daylight Time</StartDateTime>
		<StartTestTime>1653232623</StartTestTime>
		<TestList>
			<Test>./test/ExampleTests</Test>
		</TestList>
		<Test Status="failed">
			<Name>ExampleTests</Name>
			<Path>./test</Path>
			<FullName>./test/ExampleTests</FullName>
			<FullCommandLine>C:\git\webrays\build\test\Debug\ExampleTests.exe</FullCommandLine>
			<Results>
				<NamedMeasurement type="text/string" name="Exit Code">
					<Value>Failed</Value>
				</NamedMeasurement>
				<NamedMeasurement type="text/string" name="Exit Value">
					<Value>1</Value>
				</NamedMeasurement>
				<NamedMeasurement type="numeric/double" name="Execution Time">
					<Value>0.0243583</Value>
				</NamedMeasurement>
				<NamedMeasurement type="numeric/double" name="Processors">
					<Value>1</Value>
				</NamedMeasurement>
				<NamedMeasurement type="text/string" name="Completion Status">
					<Value>Completed</Value>
				</NamedMeasurement>
				<NamedMeasurement type="text/string" name="Command Line">
					<Value>C:\git\webrays\build\test\Debug\ExampleTests.exe</Value>
				</NamedMeasurement>
				<NamedMeasurement type="text/string" name="Environment">
					<Value>#CTEST_RESOURCE_GROUP_COUNT=</Value>
				</NamedMeasurement>
				<Measurement>
					<Value encoding="base64" compression="gzip">eJyVUcFqg0AQve9XzFGhSgo9CT1IY0OhLUXTXqKEdTPKwroru2NN/74aJcRAIZ3T25k3b+fNpJ3WUtfQcKk9HyprGniK8lpS3mNp+Y/La2NqhYSOLqGzIq9HtB9bQyHY7vEcBaSz7j2MnEl3xq6ThCHbBecoYKNMydVUR/0trdEN6oGLFHTtFflSMznyplW4HRKO7SD9fIdTFItKuMbGaEeWE27GzBsX1jh25fRkbNEn2tZ78CNAa42N4IurDsFUEZDtkAHEgjqu5mdybFEQHiKouHI4jAPP8ctrsr5xHPBW0Dj/NrMTGcgQVz67bZuE3AYH0+vlrf66EViuw+U/g6WPOMsmS6sT14VLo5PCHSjphl1Aicr00b93wdggNHdsk2zLfgFiGN4q====</Value>
				</Measurement>
			</Results>
		</Test>
		<EndDateTime>May 22 17:17 W. Europe Daylight Time</EndDateTime>
		<EndTestTime>1653232623</EndTestTime>
		<ElapsedMinutes>0</ElapsedMinutes>
	</Testing>
</Site>
